01-07-2013 15:21:59.463 L0 Server start 
01-07-2013 15:22:12.385 L0 Server stop 
01-07-2013 15:23:55.838 L0 Server start 
01-07-2013 15:24:19.979 L0 Server stop 
01-07-2013 15:25:06.588 L0 Server start 
01-07-2013 15:32:14.948 L0 Server stop 
01-07-2013 15:32:18.120 L0 Server start 
01-07-2013 15:32:27.463 L0 Server stop 
01-07-2013 15:32:30.807 L0 Server start 
01-07-2013 15:32:39.666 L0 Server stop 
04-07-2013 15:16:00.288 L0 Server start 
04-07-2013 15:16:18.335 L0 Server stop 
04-07-2013 15:16:24.710 L0 Server start 
04-07-2013 15:22:54.523 L0 Server stop 
04-07-2013 15:29:35.679 L0 Server start 
04-07-2013 15:43:38.054 L0 Server stop 
04-07-2013 15:51:16.382 L0 Server start 
05-07-2013 08:54:41.140 L0 Server start 
05-07-2013 08:54:54.268 L0 Server stop 
05-07-2013 08:54:57.909 L0 Server start 
05-07-2013 08:55:05.143 L0 Server stop 
05-07-2013 08:55:23.518 L0 Server start 
05-07-2013 17:30:31.505 L0 Server start 
08-07-2013 09:32:15.786 L0 UID = 1 Logged in 

User Information: 
1=C:\INPI\e-Deposito\brf114\config\brf114.conf
IP Address: 172.18.14.56
Windows domain: INPI\cjunior
 
08-07-2013 09:32:16.439 L1 UID: 1 User login - Administrator, user name - Administrator . 
08-07-2013 09:32:16.439 L1 UID: 1 software-version: FMMNGR1000, BRF1141033, FM_FOP0205. 
08-07-2013 09:32:36.744 L0 UID = 1Logged out 
08-07-2013 10:16:47.595 L0 UID = 2 Logged in 

User Information: 
2=C:\INPI\e-Deposito\brf114\config\brf114.conf
IP Address: 172.18.14.56
Windows domain: INPI\cjunior
 
08-07-2013 10:16:48.063 L1 UID: 2 User login - Administrator, user name - Administrator . 
08-07-2013 10:16:48.063 L1 UID: 2 software-version: FMMNGR1000, BRF1141033, FM_FOP0205. 
