16-05-2013 18:16:27.224 L1 UID: 3 UID = 3 Logged in 

User Information: 
3=C:\INPI\e-Deposito\brf114\config\brf114.conf
IP Address: 10.0.2.15
Windows domain: CESAR-B7C3D1FD3\cesar sousa
 
16-05-2013 18:16:27.455 L1 UID: 3 User login - Administrator, user name - Administrator . 
16-05-2013 18:16:27.455 L1 UID: 3 software-version: FMMNGR1000, BRF1141010, FM_FOP0205. 
16-05-2013 18:17:50.925 L1 UID: 3 UID = 3Logged out 
28-05-2013 16:15:38.361 L1 UID: 3 UID = 3 Logged in 

User Information: 
3=C:\INPI\e-Deposito\brf114\config\brf114.conf
IP Address: 10.0.2.15
Windows domain: CESAR-B7C3D1FD3\cesar sousa
 
28-05-2013 16:15:38.624 L1 UID: 3 User login - Administrator, user name - Administrator . 
28-05-2013 16:15:38.634 L1 UID: 3 software-version: FMMNGR1000, BRF1141010, FM_FOP0205. 
28-05-2013 16:16:31.671 L1 UID: 3 Could not found Cache variable "SaveFormAsTemplate" 
28-05-2013 16:16:35.174 L1 UID: 3 UID = 3Logged out 
28-05-2013 17:22:46.911 L1 UID: 3 UID = 3 Logged in 

User Information: 
3=C:\INPI\e-Deposito\brf114\config\brf114.conf
IP Address: 10.0.2.15
Windows domain: CESAR-B7C3D1FD3\cesar sousa
 
28-05-2013 17:22:47.164 L1 UID: 3 User login - Administrator, user name - Administrator . 
28-05-2013 17:22:47.164 L1 UID: 3 software-version: FMMNGR1000, BRF1141010, FM_FOP0205. 
28-05-2013 17:22:47.296 L1 UID: 3 UID = 3Logged out 
05-06-2013 11:17:31.604 L1 UID: 3 UID = 3 Logged in 

User Information: 
3=C:\INPI\e-Deposito\brf114\config\brf114.conf
IP Address: 10.0.2.15
Windows domain: CESAR-B7C3D1FD3\cesar sousa
 
05-06-2013 11:17:31.934 L1 UID: 3 User login - Administrator, user name - Administrator . 
05-06-2013 11:17:31.934 L1 UID: 3 software-version: FMMNGR1000, BRF1141010, FM_FOP0205. 
05-06-2013 11:22:02.944 L1 UID: 3 UID = 3Logged out 
13-06-2013 08:43:18.884 L1 UID: 3 UID = 3 Logged in 

User Information: 
3=C:\INPI\e-Deposito\brf114\config\brf114.conf
IP Address: 172.18.14.56
Windows domain: INPI\cjunior
 
13-06-2013 08:43:19.275 L1 UID: 3 User login - Administrator, user name - Administrator . 
13-06-2013 08:43:19.275 L1 UID: 3 software-version: FMMNGR1000, BRF1141010, FM_FOP0205. 
13-06-2013 08:43:34.166 L1 UID: 3 UID = 3Logged out 
