07-03-2013 10:12:40.042 L1 UID: 2 UID = 2 Logged in 

User Information: 
2=C:\INPI\e-Deposito\brf103\config\brf103.conf
IP Address: 10.0.2.15
Windows domain: CESAR-ECB6D9A04\cesar sousa
 
07-03-2013 10:12:40.191 L1 UID: 2 User login - Administrator, user name - Administrator . 
07-03-2013 10:12:40.191 L1 UID: 2 software-version: FMMNGR1000, BRF1031015, FM_FOP0205. 
07-03-2013 10:12:44.684 L1 UID: 2 UID = 2Logged out 
07-03-2013 10:23:32.846 L1 UID: 2 UID = 2 Logged in 

User Information: 
2=C:\INPI\e-Deposito\brf103\config\brf103.conf
IP Address: 10.0.2.15
Windows domain: CESAR-ECB6D9A04\cesar sousa
 
07-03-2013 10:23:33.087 L1 UID: 2 User login - Administrator, user name - Administrator . 
07-03-2013 10:23:33.087 L1 UID: 2 software-version: FMMNGR1000, BRF1031015, FM_FOP0205. 
07-03-2013 10:38:53.330 L1 UID: 2 Could not found Cache variable "SaveFormAsTemplate" 
07-03-2013 10:38:54.231 L1 UID: 2 UID = 2Logged out 
11-03-2013 16:19:41.033 L1 UID: 2 UID = 2 Logged in 

User Information: 
2=C:\INPI\e-Deposito\brf103\config\brf103.conf
IP Address: 10.0.2.15
Windows domain: CESARSOU-D96164\cesarsousa
 
11-03-2013 16:19:41.279 L1 UID: 2 User login - Administrator, user name - Administrator . 
11-03-2013 16:19:41.279 L1 UID: 2 software-version: FMMNGR1000, BRF1031015, FM_FOP0205. 
11-03-2013 16:20:01.839 L1 UID: 2 UID = 2Logged out 
12-03-2013 13:58:55.960 L1 UID: 2 UID = 2 Logged in 

User Information: 
2=C:\INPI\e-Deposito\brf103\config\brf103.conf
IP Address: 10.0.2.15
Windows domain: CESARSOU-D96164\cesarsousa
 
12-03-2013 13:58:56.210 L1 UID: 2 User login - Administrator, user name - Administrator . 
12-03-2013 13:58:56.210 L1 UID: 2 software-version: FMMNGR1000, BRF1031015, FM_FOP0205. 
12-03-2013 13:59:05.374 L1 UID: 2 UID = 2Logged out 
12-03-2013 14:01:53.527 L1 UID: 2 UID = 2 Logged in 

User Information: 
2=C:\INPI\e-Deposito\brf103\config\brf103.conf
IP Address: 10.0.2.15
Windows domain: CESARSOU-D96164\cesarsousa
 
12-03-2013 14:01:53.819 L1 UID: 2 User login - Administrator, user name - Administrator . 
12-03-2013 14:01:53.819 L1 UID: 2 software-version: FMMNGR1000, BRF1031015, FM_FOP0205. 
12-03-2013 14:09:55.333 L1 UID: 2 UID = 2Logged out 
12-03-2013 14:18:28.749 L1 UID: 2 UID = 2 Logged in 

User Information: 
2=C:\INPI\e-Deposito\brf103\config\brf103.conf
IP Address: 10.0.2.15
Windows domain: CESARSOU-D96164\cesarsousa
 
12-03-2013 14:18:29.009 L1 UID: 2 User login - Administrator, user name - Administrator . 
12-03-2013 14:18:29.009 L1 UID: 2 software-version: FMMNGR1000, BRF1031015, FM_FOP0205. 
12-03-2013 14:18:34.187 L1 UID: 2 UID = 2Logged out 
12-03-2013 15:40:47.706 L1 UID: 2 UID = 2 Logged in 

User Information: 
2=C:\INPI\e-Deposito\brf103\config\brf103.conf
IP Address: 10.0.2.15
Windows domain: CESARSOU-D96164\cesarsousa
 
12-03-2013 15:40:47.966 L1 UID: 2 User login - Administrator, user name - Administrator . 
12-03-2013 15:40:47.966 L1 UID: 2 software-version: FMMNGR1000, BRF1031015, FM_FOP0205. 
12-03-2013 15:41:58.388 L1 UID: 2 UID = 2Logged out 
12-03-2013 15:38:03.744 L1 UID: 2 UID = 2 Logged in 

User Information: 
2=C:\INPI\e-Deposito\brf103\config\brf103.conf
IP Address: 10.0.2.15
Windows domain: CESARSOU-D96164\cesarsousa
 
12-03-2013 15:38:04.150 L1 UID: 2 User login - Administrator, user name - Administrator . 
12-03-2013 15:38:04.150 L1 UID: 2 software-version: FMMNGR1000, BRF1031015, FM_FOP0205. 
12-03-2013 15:38:19.938 L1 UID: 2 UID = 2Logged out 
12-03-2013 15:58:59.250 L1 UID: 2 UID = 2 Logged in 

User Information: 
2=C:\INPI\e-Deposito\brf103\config\brf103.conf
IP Address: 10.0.2.15
Windows domain: CESARSOU-D96164\cesarsousa
 
12-03-2013 15:58:59.640 L1 UID: 2 User login - Administrator, user name - Administrator . 
12-03-2013 15:58:59.640 L1 UID: 2 software-version: FMMNGR1000, BRF1031015, FM_FOP0205. 
12-03-2013 16:04:55.261 L1 UID: 2 UID = 2Logged out 
13-03-2013 16:59:01.745 L1 UID: 2 UID = 2 Logged in 

User Information: 
2=C:\INPI\e-Deposito\brf103\config\brf103.conf
IP Address: 10.0.2.15
Windows domain: CESARSOU-D96164\cesarsousa
 
13-03-2013 16:59:01.976 L1 UID: 2 User login - Administrator, user name - Administrator . 
13-03-2013 16:59:01.976 L1 UID: 2 software-version: FMMNGR1000, BRF1031015, FM_FOP0205. 
13-03-2013 17:12:18.085 L1 UID: 2 UID = 2Logged out 
14-03-2013 13:15:28.805 L1 UID: 2 UID = 2 Logged in 

User Information: 
2=C:\INPI\e-Deposito\brf103\config\brf103.conf
IP Address: 10.0.2.15
Windows domain: CESARSOU-D96164\cesarsousa
 
14-03-2013 13:15:29.035 L1 UID: 2 User login - Administrator, user name - Administrator . 
14-03-2013 13:15:29.035 L1 UID: 2 software-version: FMMNGR1000, BRF1031015, FM_FOP0205. 
14-03-2013 13:15:37.898 L1 UID: 2 UID = 2Logged out 
15-03-2013 14:39:17.782 L1 UID: 2 UID = 2 Logged in 

User Information: 
2=C:\INPI\e-Deposito\brf103\config\brf103.conf
IP Address: 10.0.2.15
Windows domain: CESARSOU-D96164\cesarsousa
 
15-03-2013 14:39:17.967 L1 UID: 2 User login - Administrator, user name - Administrator . 
15-03-2013 14:39:17.967 L1 UID: 2 software-version: FMMNGR1000, BRF1031015, FM_FOP0205. 
15-03-2013 14:41:41.820 L1 UID: 2 UID = 2Logged out 
15-03-2013 15:59:39.309 L1 UID: 2 UID = 2 Logged in 

User Information: 
2=C:\INPI\e-Deposito\brf103\config\brf103.conf
IP Address: 10.0.2.15
Windows domain: CESARSOU-D96164\cesarsousa
 
15-03-2013 15:59:39.684 L1 UID: 2 User login - Administrator, user name - Administrator . 
15-03-2013 15:59:39.684 L1 UID: 2 software-version: FMMNGR1000, BRF1031015, FM_FOP0205. 
15-03-2013 16:00:18.981 L1 UID: 2 UID = 2Logged out 
15-03-2013 16:33:07.186 L1 UID: 2 UID = 2 Logged in 

User Information: 
2=C:\INPI\e-Deposito\brf103\config\brf103.conf
IP Address: 10.0.2.15
Windows domain: CESARSOU-D96164\cesarsousa
 
15-03-2013 16:33:07.562 L1 UID: 2 User login - Administrator, user name - Administrator . 
15-03-2013 16:33:07.562 L1 UID: 2 software-version: FMMNGR1000, BRF1031015, FM_FOP0205. 
15-03-2013 16:33:42.141 L1 UID: 2 UID = 2Logged out 
18-03-2013 11:13:17.206 L1 UID: 2 UID = 2 Logged in 

User Information: 
2=C:\INPI\e-Deposito\brf103\config\brf103.conf
IP Address: 10.0.2.15
Windows domain: CESARSOU-D96164\cesarsousa
 
18-03-2013 11:13:17.416 L1 UID: 2 User login - Administrator, user name - Administrator . 
18-03-2013 11:13:17.426 L1 UID: 2 software-version: FMMNGR1000, BRF1031015, FM_FOP0205. 
18-03-2013 11:13:17.597 L1 UID: 2 UID = 2Logged out 
18-03-2013 13:02:59.769 L1 UID: 2 UID = 2 Logged in 

User Information: 
2=C:\INPI\e-Deposito\brf103\config\brf103.conf
IP Address: 10.0.2.15
Windows domain: CESARSOU-D96164\cesarsousa
 
18-03-2013 13:03:00.056 L1 UID: 2 User login - Administrator, user name - Administrator . 
18-03-2013 13:03:00.056 L1 UID: 2 software-version: FMMNGR1000, BRF1031015, FM_FOP0205. 
18-03-2013 13:16:31.900 L1 UID: 2 UID = 2Logged out 
21-03-2013 14:16:11.937 L1 UID: 2 UID = 2 Logged in 

User Information: 
2=C:\INPI\e-Deposito\brf103\config\brf103.conf
IP Address: 10.0.2.15
Windows domain: CESARSOU-D96164\cesarsousa
 
21-03-2013 14:16:12.228 L1 UID: 2 User login - Administrator, user name - Administrator . 
21-03-2013 14:16:12.228 L1 UID: 2 software-version: FMMNGR1000, BRF1031015, FM_FOP0205. 
21-03-2013 14:17:56.879 L1 UID: 2 UID = 2Logged out 
21-03-2013 16:49:54.211 L1 UID: 2 UID = 2 Logged in 

User Information: 
2=C:\INPI\e-Deposito\brf103\config\brf103.conf
IP Address: 10.0.2.15
Windows domain: CESARSOU-D96164\cesarsousa
 
21-03-2013 16:49:54.732 L1 UID: 2 User login - Administrator, user name - Administrator . 
21-03-2013 16:49:54.732 L1 UID: 2 software-version: FMMNGR1000, BRF1031015, FM_FOP0205. 
21-03-2013 16:49:54.822 L1 UID: 2 UID = 2Logged out 
21-03-2013 16:50:41.048 L1 UID: 2 UID = 2 Logged in 

User Information: 
2=C:\INPI\e-Deposito\brf103\config\brf103.conf
IP Address: 10.0.2.15
Windows domain: CESARSOU-D96164\cesarsousa
 
21-03-2013 16:50:41.269 L1 UID: 2 User login - Administrator, user name - Administrator . 
21-03-2013 16:50:41.269 L1 UID: 2 software-version: FMMNGR1000, BRF1031015, FM_FOP0205. 
21-03-2013 16:50:56.060 L1 UID: 2 UID = 2Logged out 
21-03-2013 17:19:47.783 L1 UID: 2 UID = 2 Logged in 

User Information: 
2=C:\INPI\e-Deposito\brf103\config\brf103.conf
IP Address: 10.0.2.15
Windows domain: CESARSOU-D96164\cesarsousa
 
21-03-2013 17:19:48.129 L1 UID: 2 User login - Administrator, user name - Administrator . 
21-03-2013 17:19:48.129 L1 UID: 2 software-version: FMMNGR1000, BRF1031015, FM_FOP0205. 
21-03-2013 17:31:12.468 L1 UID: 2 UID = 2Logged out 
22-03-2013 13:50:31.629 L1 UID: 2 UID = 2 Logged in 

User Information: 
2=C:\INPI\e-Deposito\brf103\config\brf103.conf
IP Address: 10.0.2.15
Windows domain: CESARSOU-D96164\cesarsousa
 
22-03-2013 13:50:31.955 L1 UID: 2 User login - Administrator, user name - Administrator . 
22-03-2013 13:50:31.955 L1 UID: 2 software-version: FMMNGR1000, BRF1031015, FM_FOP0205. 
22-03-2013 13:51:56.385 L1 UID: 2 Can not found file -  , type - BPart 
22-03-2013 13:52:01.382 L1 UID: 2 Can not found file -  , type - BPart 
22-03-2013 13:52:02.251 L1 UID: 2 Can not found file -  , type - BPart 
22-03-2013 13:58:17.775 L1 UID: 2 Can not found file -  , type - BPart 
22-03-2013 13:58:38.197 L1 UID: 2 Can not found file -  , type - BPart 
22-03-2013 13:58:53.999 L1 UID: 2 Can not found file -  , type - BPart 
22-03-2013 16:01:55.705 L1 UID: 2 UID = 2Logged out 
26-03-2013 13:17:36.877 L1 UID: 2 UID = 2 Logged in 

User Information: 
2=C:\INPI\e-Deposito\brf103\config\brf103.conf
IP Address: 10.0.2.15
Windows domain: CESARSOU-D96164\cesarsousa
 
26-03-2013 13:17:37.098 L1 UID: 2 User login - Administrator, user name - Administrator . 
26-03-2013 13:17:37.098 L1 UID: 2 software-version: FMMNGR1000, BRF1031015, FM_FOP0205. 
26-03-2013 13:17:37.198 L1 UID: 2 UID = 2Logged out 
26-03-2013 13:22:44.455 L1 UID: 2 UID = 2 Logged in 

User Information: 
2=C:\INPI\e-Deposito\brf103\config\brf103.conf
IP Address: 10.0.2.15
Windows domain: CESARSOU-D96164\cesarsousa
 
26-03-2013 13:22:44.705 L1 UID: 2 User login - Administrator, user name - Administrator . 
26-03-2013 13:22:44.705 L1 UID: 2 software-version: FMMNGR1000, BRF1031015, FM_FOP0205. 
26-03-2013 13:27:20.505 L1 UID: 2 UID = 2Logged out 
26-03-2013 15:27:22.477 L1 UID: 2 UID = 2 Logged in 

User Information: 
2=C:\INPI\e-Deposito\brf103\config\brf103.conf
IP Address: 10.0.2.15
Windows domain: CESARSOU-D96164\cesarsousa
 
26-03-2013 15:27:22.779 L1 UID: 2 User login - Administrator, user name - Administrator . 
26-03-2013 15:27:22.779 L1 UID: 2 software-version: FMMNGR1000, BRF1031015, FM_FOP0205. 
26-03-2013 15:27:36.574 L1 UID: 2 UID = 2Logged out 
01-04-2013 16:03:20.860 L1 UID: 2 UID = 2 Logged in 

User Information: 
2=C:\INPI\e-Deposito\brf103\config\brf103.conf
IP Address: 10.0.2.15
Windows domain: CESARSOU-D96164\cesarsousa
 
01-04-2013 16:03:21.076 L1 UID: 2 User login - Administrator, user name - Administrator . 
01-04-2013 16:03:21.076 L1 UID: 2 software-version: FMMNGR1000, BRF1031015, FM_FOP0205. 
01-04-2013 16:05:02.101 L1 UID: 2 Could not found Cache variable "SaveFormAsTemplate" 
01-04-2013 16:05:04.354 L1 UID: 2 UID = 2Logged out 
02-04-2013 15:46:42.886 L1 UID: 2 UID = 2 Logged in 

User Information: 
2=C:\INPI\e-Deposito\brf103\config\brf103.conf
IP Address: 10.0.2.15
Windows domain: CESARSOU-D96164\cesarsousa
 
02-04-2013 15:46:43.048 L1 UID: 2 User login - Administrator, user name - Administrator . 
02-04-2013 15:46:43.048 L1 UID: 2 software-version: FMMNGR1000, BRF1031015, FM_FOP0205. 
02-04-2013 15:52:09.265 L1 UID: 2 UID = 2Logged out 
05-04-2013 15:15:33.649 L1 UID: 2 UID = 2 Logged in 

User Information: 
2=C:\INPI\e-Deposito\brf103\config\brf103.conf
IP Address: 10.0.2.15
Windows domain: CESARSOU-D96164\cesarsousa
 
05-04-2013 15:15:33.899 L1 UID: 2 User login - Administrator, user name - Administrator . 
05-04-2013 15:15:33.899 L1 UID: 2 software-version: FMMNGR1000, BRF1031015, FM_FOP0205. 
05-04-2013 15:20:18.403 L1 UID: 2 UID = 2Logged out 
08-04-2013 13:29:31.106 L1 UID: 2 UID = 2 Logged in 

User Information: 
2=C:\INPI\e-Deposito\brf103\config\brf103.conf
IP Address: 10.0.2.15
Windows domain: CESARSOU-D96164\cesarsousa
 
08-04-2013 13:29:31.481 L1 UID: 2 User login - Administrator, user name - Administrator . 
08-04-2013 13:29:31.481 L1 UID: 2 software-version: FMMNGR1000, BRF1031015, FM_FOP0205. 
08-04-2013 13:30:13.752 L1 UID: 2 UID = 2Logged out 
08-04-2013 13:31:41.223 L1 UID: 2 UID = 2 Logged in 

User Information: 
2=C:\INPI\e-Deposito\brf103\config\brf103.conf
IP Address: 10.0.2.15
Windows domain: CESARSOU-D96164\cesarsousa
 
08-04-2013 13:31:41.584 L1 UID: 2 User login - Administrator, user name - Administrator . 
08-04-2013 13:31:41.584 L1 UID: 2 software-version: FMMNGR1000, BRF1031015, FM_FOP0205. 
08-04-2013 13:32:14.781 L1 UID: 2 UID = 2Logged out 
08-04-2013 16:34:31.033 L1 UID: 2 UID = 2 Logged in 

User Information: 
2=C:\INPI\e-Deposito\brf103\config\brf103.conf
IP Address: 10.0.2.15
Windows domain: CESARSOU-D96164\cesarsousa
 
08-04-2013 16:34:31.223 L1 UID: 2 User login - Administrator, user name - Administrator . 
08-04-2013 16:34:31.223 L1 UID: 2 software-version: FMMNGR1000, BRF1031015, FM_FOP0205. 
08-04-2013 16:35:45.300 L1 UID: 2 UID = 2Logged out 
09-04-2013 09:56:50.800 L1 UID: 2 UID = 2 Logged in 

User Information: 
2=C:\INPI\e-Deposito\brf103\config\brf103.conf
IP Address: 10.0.2.15
Windows domain: CESARSOU-D96164\cesarsousa
 
09-04-2013 09:56:50.943 L1 UID: 2 User login - Administrator, user name - Administrator . 
09-04-2013 09:56:50.949 L1 UID: 2 software-version: FMMNGR1000, BRF1031015, FM_FOP0205. 
09-04-2013 09:56:51.033 L1 UID: 2 UID = 2Logged out 
09-04-2013 10:03:12.232 L1 UID: 2 UID = 2 Logged in 

User Information: 
2=C:\INPI\e-Deposito\brf103\config\brf103.conf
IP Address: 10.0.2.15
Windows domain: CESARSOU-D96164\cesarsousa
 
09-04-2013 10:03:12.458 L1 UID: 2 User login - Administrator, user name - Administrator . 
09-04-2013 10:03:12.458 L1 UID: 2 software-version: FMMNGR1000, BRF1031015, FM_FOP0205. 
09-04-2013 10:03:19.233 L1 UID: 2 UID = 2Logged out 
09-04-2013 10:48:35.155 L1 UID: 2 UID = 2 Logged in 

User Information: 
2=C:\INPI\e-Deposito\brf103\config\brf103.conf
IP Address: 10.0.2.15
Windows domain: CESARSOU-D96164\cesarsousa
 
09-04-2013 10:48:35.386 L1 UID: 2 User login - Administrator, user name - Administrator . 
09-04-2013 10:48:35.386 L1 UID: 2 software-version: FMMNGR1000, BRF1031015, FM_FOP0205. 
09-04-2013 10:56:30.255 L1 UID: 2 UID = 2Logged out 
16-04-2013 10:43:14.177 L1 UID: 2 UID = 2 Logged in 

User Information: 
2=C:\INPI\e-Deposito\brf103\config\brf103.conf
IP Address: 10.0.2.15
Windows domain: CESARSOU-D96164\cesarsousa
 
16-04-2013 10:43:14.457 L1 UID: 2 User login - Administrator, user name - Administrator . 
16-04-2013 10:43:14.457 L1 UID: 2 software-version: FMMNGR1000, BRF1031015, FM_FOP0205. 
16-04-2013 10:43:53.850 L1 UID: 2 UID = 2Logged out 
17-04-2013 11:01:23.933 L1 UID: 2 UID = 2 Logged in 

User Information: 
2=C:\INPI\e-Deposito\brf103\config\brf103.conf
IP Address: 10.0.2.15
Windows domain: INPI-6F472BFAE6\cesar sousa
 
17-04-2013 11:01:24.194 L1 UID: 2 User login - Administrator, user name - Administrator . 
17-04-2013 11:01:24.194 L1 UID: 2 software-version: FMMNGR1000, BRF1031015, FM_FOP0205. 
17-04-2013 11:01:48.749 L1 UID: 2 UID = 2Logged out 
17-04-2013 14:04:50.044 L1 UID: 2 UID = 2 Logged in 

User Information: 
2=C:\INPI\e-Deposito\brf103\config\brf103.conf
IP Address: 10.0.2.15
Windows domain: INPI-6F472BFAE6\cesar sousa
 
17-04-2013 14:04:50.265 L1 UID: 2 User login - Administrator, user name - Administrator . 
17-04-2013 14:04:50.265 L1 UID: 2 software-version: FMMNGR1000, BRF1031015, FM_FOP0205. 
17-04-2013 14:05:02.703 L1 UID: 2 UID = 2Logged out 
04-06-2013 12:15:14.622 L1 UID: 2 UID = 2 Logged in 

User Information: 
2=C:\INPI\e-Deposito\brf103\config\brf103.conf
IP Address: 10.0.2.15
Windows domain: CESAR-B7C3D1FD3\cesar sousa
 
04-06-2013 12:15:19.459 L1 UID: 2 User login - Administrator, user name - Administrator . 
04-06-2013 12:15:19.489 L1 UID: 2 software-version: FMMNGR1000, BRF1031015, FM_FOP0205. 
04-06-2013 12:15:20.616 L1 UID: 2 UID = 2Logged out 
14-06-2013 11:22:46.247 L1 UID: 2 UID = 2 Logged in 

User Information: 
2=C:\INPI\e-Deposito\brf103\config\brf103.conf
IP Address: 172.18.14.56
Windows domain: INPI\cjunior
 
14-06-2013 11:22:46.652 L1 UID: 2 User login - Administrator, user name - Administrator . 
14-06-2013 11:22:46.652 L1 UID: 2 software-version: FMMNGR1000, BRF1031015, FM_FOP0205. 
14-06-2013 11:28:37.705 L1 UID: 2 UID = 2Logged out 
14-06-2013 12:05:00.616 L1 UID: 2 UID = 2 Logged in 

User Information: 
2=C:\INPI\e-Deposito\brf103\config\brf103.conf
IP Address: 172.18.14.56
Windows domain: INPI\cjunior
 
14-06-2013 12:05:00.959 L1 UID: 2 User login - Administrator, user name - Administrator . 
14-06-2013 12:05:00.959 L1 UID: 2 software-version: FMMNGR1000, BRF1031015, FM_FOP0205. 
14-06-2013 12:05:18.713 L1 UID: 2 UID = 2Logged out 
28-06-2013 15:22:44.687 L1 UID: 2 UID = 2 Logged in 

User Information: 
2=C:\INPI\e-Deposito\brf103\config\brf103.conf
IP Address: 172.18.14.56
Windows domain: INPI\cjunior
 
28-06-2013 15:22:44.984 L1 UID: 2 User login - Administrator, user name - Administrator . 
28-06-2013 15:22:44.984 L1 UID: 2 software-version: FMMNGR1000, BRF1031015, FM_FOP0205. 
28-06-2013 15:23:02.081 L1 UID: 2 UID = 2Logged out 
28-06-2013 15:52:09.907 L1 UID: 2 UID = 2 Logged in 

User Information: 
2=C:\INPI\e-Deposito\brf103\config\brf103.conf
IP Address: 172.18.14.56
Windows domain: INPI\cjunior
 
28-06-2013 15:52:10.188 L1 UID: 2 User login - Administrator, user name - Administrator . 
28-06-2013 15:52:10.188 L1 UID: 2 software-version: FMMNGR1000, BRF1031015, FM_FOP0205. 
28-06-2013 16:13:48.327 L1 UID: 2 UID = 2Logged out 
04-07-2013 17:30:15.094 L1 UID: 2 UID = 2 Logged in 

User Information: 
2=C:\INPI\e-Deposito\brf103\config\brf103.conf
IP Address: 172.18.14.56
Windows domain: INPI\cjunior
 
04-07-2013 17:30:15.358 L1 UID: 2 User login - Administrator, user name - Administrator . 
04-07-2013 17:30:15.358 L1 UID: 2 software-version: FMMNGR1000, BRF1031015, FM_FOP0205. 
04-07-2013 17:34:42.847 L1 UID: 2 UID = 2Logged out 
05-07-2013 17:47:25.279 L1 UID: 2 UID = 2 Logged in 

User Information: 
2=C:\INPI\e-Deposito\brf103\config\brf103.conf
IP Address: 172.18.14.56
Windows domain: INPI\cjunior
 
05-07-2013 17:47:25.623 L1 UID: 2 User login - Administrator, user name - Administrator . 
05-07-2013 17:47:25.623 L1 UID: 2 software-version: FMMNGR1000, BRF1031015, FM_FOP0205. 
05-07-2013 17:50:26.758 L1 UID: 2 UID = 2Logged out 
05-07-2013 18:07:13.689 L1 UID: 2 UID = 2 Logged in 

User Information: 
2=C:\INPI\e-Deposito\brf103\config\brf103.conf
IP Address: 172.18.14.56
Windows domain: INPI\cjunior
 
05-07-2013 18:07:13.970 L1 UID: 2 User login - Administrator, user name - Administrator . 
05-07-2013 18:07:13.970 L1 UID: 2 software-version: FMMNGR1000, BRF1031015, FM_FOP0205. 
05-07-2013 18:08:32.680 L1 UID: 2 UID = 2Logged out 
08-07-2013 09:16:02.749 L1 UID: 2 UID = 2 Logged in 

User Information: 
2=C:\INPI\e-Deposito\brf103\config\brf103.conf
IP Address: 172.18.14.56
Windows domain: INPI\cjunior
 
08-07-2013 09:16:03.075 L1 UID: 2 User login - Administrator, user name - Administrator . 
08-07-2013 09:16:03.075 L1 UID: 2 software-version: FMMNGR1000, BRF1031015, FM_FOP0205. 
08-07-2013 09:16:07.377 L1 UID: 2 UID = 2Logged out 
08-07-2013 09:17:38.886 L1 UID: 2 UID = 2 Logged in 

User Information: 
2=C:\INPI\e-Deposito\brf103\config\brf103.conf
IP Address: 172.18.14.56
Windows domain: INPI\cjunior
 
08-07-2013 09:17:39.258 L1 UID: 2 User login - Administrator, user name - Administrator . 
08-07-2013 09:17:39.258 L1 UID: 2 software-version: FMMNGR1000, BRF1031015, FM_FOP0205. 
08-07-2013 09:18:30.262 L1 UID: 2 UID = 2Logged out 
