12-09-2013 17:43:29.427 L1 UID: 2 UID = 2 Logged in 

User Information: 
2=C:\INPI\e-Deposito\brf102\config\brf102.conf
IP Address: 10.0.2.15
Windows domain: cesarsousa-PC\cesarsousa
 
12-09-2013 17:43:29.807 L1 UID: 2 User login - Administrator, user name - Administrator . 
12-09-2013 17:43:29.817 L1 UID: 2 software-version: FMMNGR1000, BRF1021033, FM_FOP0205. 
12-09-2013 17:43:50.127 L1 UID: 2 UID = 2Logged out 
12-09-2013 18:12:46.339 L1 UID: 2 UID = 2 Logged in 

User Information: 
2=C:\INPI\e-Deposito\brf102\config\brf102.conf
IP Address: 10.0.2.15
Windows domain: cesarsousa-PC\cesarsousa
 
12-09-2013 18:12:46.693 L1 UID: 2 User login - Administrator, user name - Administrator . 
12-09-2013 18:12:46.694 L1 UID: 2 software-version: FMMNGR1000, BRF1021033, FM_FOP0205. 
12-09-2013 18:23:03.997 L1 UID: 2 UID = 2Logged out 
17-09-2013 15:23:58.505 L1 UID: 2 UID = 2 Logged in 

User Information: 
2=C:\INPI\e-Deposito\brf102\config\brf102.conf
IP Address: 172.17.2.38
Windows domain: INPI\cjunior
 
17-09-2013 15:23:58.646 L1 UID: 2 User login - Administrator, user name - Administrator . 
17-09-2013 15:23:58.646 L1 UID: 2 software-version: FMMNGR1000, BRF1021033, FM_FOP0205. 
17-09-2013 15:35:18.911 L1 UID: 2 Could not found Cache variable "SaveFormAsTemplate" 
17-09-2013 15:35:22.567 L1 UID: 2 UID = 2Logged out 
24-09-2013 12:58:48.510 L1 UID: 2 UID = 2 Logged in 

User Information: 
2=C:\INPI\e-Deposito\brf102\config\brf102.conf
IP Address: 172.17.2.38
Windows domain: INPI\cjunior
 
24-09-2013 12:58:49.135 L1 UID: 2 User login - Administrator, user name - Administrator . 
24-09-2013 12:58:49.135 L1 UID: 2 software-version: FMMNGR1000, BRF1021033, FM_FOP0205. 
24-09-2013 12:59:29.144 L1 UID: 2 UID = 2Logged out 
