12-09-2013 17:43:58.038 L1 UID: 3 UID = 3 Logged in 

User Information: 
3=C:\INPI\e-Deposito\brf102\config\brf102.conf
IP Address: 10.0.2.15
Windows domain: cesarsousa-PC\cesarsousa
 
12-09-2013 17:43:58.348 L1 UID: 3 User login - Administrator, user name - Administrator . 
12-09-2013 17:43:58.348 L1 UID: 3 software-version: FMMNGR1000, BRF1021033, FM_FOP0205. 
12-09-2013 17:44:08.102 L1 UID: 3 UID = 3Logged out 
17-09-2013 15:36:00.156 L1 UID: 3 UID = 3 Logged in 

User Information: 
3=C:\INPI\e-Deposito\brf102\config\brf102.conf
IP Address: 172.17.2.38
Windows domain: INPI\cjunior
 
17-09-2013 15:36:00.296 L1 UID: 3 User login - Administrator, user name - Administrator . 
17-09-2013 15:36:00.296 L1 UID: 3 software-version: FMMNGR1000, BRF1021033, FM_FOP0205. 
17-09-2013 15:39:11.895 L1 UID: 3 Could not found Cache variable "SaveFormAsTemplate" 
17-09-2013 15:39:14.942 L1 UID: 3 UID = 3Logged out 
24-09-2013 12:59:35.880 L1 UID: 3 UID = 3 Logged in 

User Information: 
3=C:\INPI\e-Deposito\brf102\config\brf102.conf
IP Address: 172.17.2.38
Windows domain: INPI\cjunior
 
24-09-2013 12:59:36.505 L1 UID: 3 User login - Administrator, user name - Administrator . 
24-09-2013 12:59:36.505 L1 UID: 3 software-version: FMMNGR1000, BRF1021033, FM_FOP0205. 
24-09-2013 12:59:40.537 L1 UID: 3 UID = 3Logged out 
