05-04-2013 15:20:22.800 L1 UID: 5 UID = 5 Logged in 

User Information: 
5=C:\INPI\e-Deposito\brf102\config\brf102.conf
IP Address: 10.0.2.15
Windows domain: CESARSOU-D96164\cesarsousa
 
05-04-2013 15:20:23.020 L1 UID: 5 User login - Administrator, user name - Administrator . 
05-04-2013 15:20:23.020 L1 UID: 5 software-version: FMMNGR1000, BRF1021027, FM_FOP0205. 
05-04-2013 16:07:52.720 L1 UID: 5 UID = 5Logged out 
29-04-2013 16:26:55.489 L1 UID: 5 UID = 5 Logged in 

User Information: 
5=C:\INPI\e-Deposito\brf102\config\brf102.conf
IP Address: 10.0.2.15
Windows domain: CESAR-B7C3D1FD3\cesar sousa
 
29-04-2013 16:26:56.090 L1 UID: 5 User login - Administrator, user name - Administrator . 
29-04-2013 16:26:56.090 L1 UID: 5 software-version: FMMNGR1000, BRF1021027, FM_FOP0205. 
29-04-2013 16:27:04.832 L1 UID: 5 UID = 5Logged out 
14-05-2013 10:05:37.168 L1 UID: 5 UID = 5 Logged in 

User Information: 
5=C:\INPI\e-Deposito\brf102\config\brf102.conf
IP Address: 10.0.2.15
Windows domain: CESAR-B7C3D1FD3\cesar sousa
 
14-05-2013 10:05:37.429 L1 UID: 5 User login - Administrator, user name - Administrator . 
14-05-2013 10:05:37.429 L1 UID: 5 software-version: FMMNGR1000, BRF1021027, FM_FOP0205. 
14-05-2013 10:13:30.509 L1 UID: 5 Can not found file -  , type - BPart 
14-05-2013 10:14:05.529 L1 UID: 5 Can not found file -  , type - BPart 
14-05-2013 10:14:22.534 L1 UID: 5 Can not found file -  , type - BPart 
14-05-2013 10:15:47.507 L1 UID: 5 Can not found file -  , type - BPart 
14-05-2013 10:16:36.281 L1 UID: 5 Can not found file -  , type - BPart 
14-05-2013 10:21:42.207 L1 UID: 5 Can not found file -  , type - BPart 
14-05-2013 10:21:47.054 L1 UID: 5 Can not found file -  , type - BPart 
14-05-2013 10:21:48.286 L1 UID: 5 Can not found file -  , type - BPart 
14-05-2013 11:09:14.754 L1 UID: 5 UID = 5Logged out 
16-05-2013 11:48:57.218 L1 UID: 5 UID = 5 Logged in 

User Information: 
5=C:\INPI\e-Deposito\brf102\config\brf102.conf
IP Address: 10.0.2.15
Windows domain: CESAR-B7C3D1FD3\cesar sousa
 
16-05-2013 11:48:57.429 L1 UID: 5 User login - Administrator, user name - Administrator . 
16-05-2013 11:48:57.438 L1 UID: 5 software-version: FMMNGR1000, BRF1021027, FM_FOP0205. 
16-05-2013 12:43:22.401 L1 UID: 5 UID = 5Logged out 
03-06-2013 10:29:58.191 L1 UID: 5 UID = 5 Logged in 

User Information: 
5=C:\INPI\e-Deposito\brf102\config\brf102.conf
IP Address: 10.0.2.15
Windows domain: CESAR-B7C3D1FD3\cesar sousa
 
03-06-2013 10:29:58.431 L1 UID: 5 User login - Administrator, user name - Administrator . 
03-06-2013 10:29:58.431 L1 UID: 5 software-version: FMMNGR1000, BRF1021027, FM_FOP0205. 
03-06-2013 10:31:04.216 L1 UID: 5 UID = 5Logged out 
