11-09-2013 13:32:22.325 L0 Server start 
11-09-2013 13:59:21.980 L0 Server stop 
12-09-2013 17:08:34.854 L0 Server start 
12-09-2013 17:08:58.869 L0 UID = 1 Logged in 

User Information: 
1=C:\INPI\e-Deposito\brf102\config\brf102.conf
IP Address: 10.0.2.15
Windows domain: cesarsousa-PC\cesarsousa
 
12-09-2013 17:08:59.510 L1 UID: 1 User login - Administrator, user name - Administrator . 
12-09-2013 17:08:59.510 L1 UID: 1 software-version: FMMNGR1000, BRF1021033, FM_FOP0205. 
12-09-2013 17:43:06.654 L0 UID = 1Logged out 
12-09-2013 17:43:29.427 L0 UID = 2 Logged in 

User Information: 
2=C:\INPI\e-Deposito\brf102\config\brf102.conf
IP Address: 10.0.2.15
Windows domain: cesarsousa-PC\cesarsousa
 
12-09-2013 17:43:29.807 L1 UID: 2 User login - Administrator, user name - Administrator . 
12-09-2013 17:43:29.817 L1 UID: 2 software-version: FMMNGR1000, BRF1021033, FM_FOP0205. 
12-09-2013 17:43:50.127 L0 UID = 2Logged out 
12-09-2013 17:43:58.038 L0 UID = 3 Logged in 

User Information: 
3=C:\INPI\e-Deposito\brf102\config\brf102.conf
IP Address: 10.0.2.15
Windows domain: cesarsousa-PC\cesarsousa
 
12-09-2013 17:43:58.348 L1 UID: 3 User login - Administrator, user name - Administrator . 
12-09-2013 17:43:58.348 L1 UID: 3 software-version: FMMNGR1000, BRF1021033, FM_FOP0205. 
12-09-2013 17:44:08.092 L0 UID = 3Logged out 
12-09-2013 17:44:16.765 L0 UID = 4 Logged in 

User Information: 
4=C:\INPI\e-Deposito\brf102\config\brf102.conf
IP Address: 10.0.2.15
Windows domain: cesarsousa-PC\cesarsousa
 
12-09-2013 17:44:17.085 L1 UID: 4 User login - Administrator, user name - Administrator . 
12-09-2013 17:44:17.085 L1 UID: 4 software-version: FMMNGR1000, BRF1021033, FM_FOP0205. 
12-09-2013 17:44:44.995 L0 UID = 4Logged out 
12-09-2013 17:47:29.321 L0 Server stop 
12-09-2013 17:47:34.409 L0 Server start 
12-09-2013 17:49:47.400 L0 UID = 1 Logged in 

User Information: 
1=C:\INPI\e-Deposito\brf102\config\brf102.conf
IP Address: 10.0.2.15
Windows domain: cesarsousa-PC\cesarsousa
 
12-09-2013 17:49:47.861 L1 UID: 1 User login - Administrator, user name - Administrator . 
12-09-2013 17:49:47.861 L1 UID: 1 software-version: FMMNGR1000, BRF1021033, FM_FOP0205. 
12-09-2013 17:55:01.506 L0 UID = 1Logged out 
12-09-2013 18:12:46.338 L0 UID = 2 Logged in 

User Information: 
2=C:\INPI\e-Deposito\brf102\config\brf102.conf
IP Address: 10.0.2.15
Windows domain: cesarsousa-PC\cesarsousa
 
12-09-2013 18:12:46.693 L1 UID: 2 User login - Administrator, user name - Administrator . 
12-09-2013 18:12:46.693 L1 UID: 2 software-version: FMMNGR1000, BRF1021033, FM_FOP0205. 
12-09-2013 18:23:03.995 L0 UID = 2Logged out 
12-09-2013 18:24:07.619 L0 Server stop 
12-09-2013 18:24:09.863 L0 Server start 
12-09-2013 18:24:20.240 L0 UID = 1 Logged in 

User Information: 
1=C:\INPI\e-Deposito\brf102\config\brf102.conf
IP Address: 10.0.2.15
Windows domain: cesarsousa-PC\cesarsousa
 
12-09-2013 18:24:20.863 L1 UID: 1 User login - Administrator, user name - Administrator . 
12-09-2013 18:24:20.864 L1 UID: 1 software-version: FMMNGR1000, BRF1021033, FM_FOP0205. 
12-09-2013 18:29:50.991 L0 UID = 1Logged out 
12-09-2013 18:36:46.344 L0 Server stop 
12-09-2013 18:36:49.038 L0 Server start 
12-09-2013 18:37:01.526 L0 UID = 1 Logged in 

User Information: 
1=C:\INPI\e-Deposito\brf102\config\brf102.conf
IP Address: 10.0.2.15
Windows domain: cesarsousa-PC\cesarsousa
 
12-09-2013 18:37:02.017 L1 UID: 1 User login - Administrator, user name - Administrator . 
12-09-2013 18:37:02.017 L1 UID: 1 software-version: FMMNGR1000, BRF1021033, FM_FOP0205. 
12-09-2013 18:40:04.720 L0 UID = 1Logged out 
12-09-2013 18:40:36.371 L0 Server stop 
12-09-2013 18:40:39.367 L0 Server start 
12-09-2013 18:40:49.298 L0 UID = 1 Logged in 

User Information: 
1=C:\INPI\e-Deposito\brf102\config\brf102.conf
IP Address: 10.0.2.15
Windows domain: cesarsousa-PC\cesarsousa
 
12-09-2013 18:40:49.940 L1 UID: 1 User login - Administrator, user name - Administrator . 
12-09-2013 18:40:49.949 L1 UID: 1 software-version: FMMNGR1000, BRF1021033, FM_FOP0205. 
12-09-2013 18:41:43.068 L0 UID = 1Logged out 
13-09-2013 14:40:57.623 L0 Server start 
13-09-2013 15:04:59.843 L0 UID = 1 Logged in 

User Information: 
1=C:\INPI\e-Deposito\brf102\config\brf102.conf
IP Address: 172.17.2.38
Windows domain: INPI\cjunior
 
13-09-2013 15:05:00.093 L1 UID: 1 User login - Administrator, user name - Administrator . 
13-09-2013 15:05:00.093 L1 UID: 1 software-version: FMMNGR1000, BRF1021033, FM_FOP0205. 
13-09-2013 15:15:02.349 L0 UID = 1Logged out 
13-09-2013 15:15:16.395 L0 Server stop 
13-09-2013 15:15:20.552 L0 Server start 
13-09-2013 15:16:01.364 L0 Server stop 
16-09-2013 10:40:25.054 L0 Server start 
16-09-2013 10:52:16.515 L0 Server stop 
16-09-2013 10:55:14.972 L0 Server start 
16-09-2013 11:13:22.180 L0 Server stop 
17-09-2013 15:11:34.660 L0 Server start 
17-09-2013 15:11:48.461 L0 UID = 1 Logged in 

User Information: 
1=C:\INPI\e-Deposito\brf102\config\brf102.conf
IP Address: 172.17.2.38
Windows domain: INPI\cjunior
 
17-09-2013 15:11:48.774 L1 UID: 1 User login - Administrator, user name - Administrator . 
17-09-2013 15:11:48.774 L1 UID: 1 software-version: FMMNGR1000, BRF1021033, FM_FOP0205. 
17-09-2013 15:23:43.723 L0 UID = 1Logged out 
17-09-2013 15:23:58.505 L0 UID = 2 Logged in 

User Information: 
2=C:\INPI\e-Deposito\brf102\config\brf102.conf
IP Address: 172.17.2.38
Windows domain: INPI\cjunior
 
17-09-2013 15:23:58.646 L1 UID: 2 User login - Administrator, user name - Administrator . 
17-09-2013 15:23:58.646 L1 UID: 2 software-version: FMMNGR1000, BRF1021033, FM_FOP0205. 
17-09-2013 15:35:22.567 L0 UID = 2Logged out 
17-09-2013 15:36:00.156 L0 UID = 3 Logged in 

User Information: 
3=C:\INPI\e-Deposito\brf102\config\brf102.conf
IP Address: 172.17.2.38
Windows domain: INPI\cjunior
 
17-09-2013 15:36:00.296 L1 UID: 3 User login - Administrator, user name - Administrator . 
17-09-2013 15:36:00.296 L1 UID: 3 software-version: FMMNGR1000, BRF1021033, FM_FOP0205. 
17-09-2013 15:39:14.942 L0 UID = 3Logged out 
17-09-2013 16:03:51.155 L0 Server stop 
17-09-2013 16:33:12.758 L0 Server start 
17-09-2013 16:33:21.256 L0 UID = 1 Logged in 

User Information: 
1=C:\INPI\e-Deposito\brf102\config\brf102.conf
IP Address: 172.17.2.38
Windows domain: INPI\cjunior
 
17-09-2013 16:33:21.537 L1 UID: 1 User login - Administrator, user name - Administrator . 
17-09-2013 16:33:21.537 L1 UID: 1 software-version: FMMNGR1000, BRF1021033, FM_FOP0205. 
17-09-2013 16:34:05.240 L0 UID = 1Logged out 
17-09-2013 16:36:56.568 L0 Server stop 
20-09-2013 13:47:15.643 L0 Server start 
20-09-2013 15:00:11.130 L0 Server stop 
23-09-2013 09:47:46.529 L0 Server start 
23-09-2013 09:48:12.671 L0 Server stop 
23-09-2013 09:54:33.350 L0 Server start 
23-09-2013 10:25:41.609 L0 Server stop 
24-09-2013 12:55:54.250 L0 Server start 
24-09-2013 12:56:23.288 L0 UID = 1 Logged in 

User Information: 
1=C:\INPI\e-Deposito\brf102\config\brf102.conf
IP Address: 172.17.2.38
Windows domain: INPI\cjunior
 
24-09-2013 12:56:23.694 L1 UID: 1 User login - Administrator, user name - Administrator . 
24-09-2013 12:56:23.694 L1 UID: 1 software-version: FMMNGR1000, BRF1021033, FM_FOP0205. 
24-09-2013 12:58:35.178 L0 UID = 1Logged out 
24-09-2013 12:58:48.510 L0 UID = 2 Logged in 

User Information: 
2=C:\INPI\e-Deposito\brf102\config\brf102.conf
IP Address: 172.17.2.38
Windows domain: INPI\cjunior
 
24-09-2013 12:58:49.135 L1 UID: 2 User login - Administrator, user name - Administrator . 
24-09-2013 12:58:49.135 L1 UID: 2 software-version: FMMNGR1000, BRF1021033, FM_FOP0205. 
24-09-2013 12:59:29.144 L0 UID = 2Logged out 
24-09-2013 12:59:35.880 L0 UID = 3 Logged in 

User Information: 
3=C:\INPI\e-Deposito\brf102\config\brf102.conf
IP Address: 172.17.2.38
Windows domain: INPI\cjunior
 
24-09-2013 12:59:36.505 L1 UID: 3 User login - Administrator, user name - Administrator . 
24-09-2013 12:59:36.505 L1 UID: 3 software-version: FMMNGR1000, BRF1021033, FM_FOP0205. 
24-09-2013 12:59:40.537 L0 UID = 3Logged out 
24-09-2013 12:59:47.975 L0 UID = 4 Logged in 

User Information: 
4=C:\INPI\e-Deposito\brf102\config\brf102.conf
IP Address: 172.17.2.38
Windows domain: INPI\cjunior
 
24-09-2013 12:59:48.132 L1 UID: 4 User login - Administrator, user name - Administrator . 
24-09-2013 12:59:48.132 L1 UID: 4 software-version: FMMNGR1000, BRF1021033, FM_FOP0205. 
24-09-2013 13:00:02.992 L0 UID = 4Logged out 
