01-07-2013 15:21:58.916 L0 Server start 
01-07-2013 15:22:12.120 L0 Server stop 
01-07-2013 15:23:55.463 L0 Server start 
01-07-2013 15:24:19.698 L0 Server stop 
01-07-2013 15:25:06.104 L0 Server start 
01-07-2013 15:32:14.760 L0 Server stop 
01-07-2013 15:32:17.791 L0 Server start 
01-07-2013 15:32:27.276 L0 Server stop 
01-07-2013 15:32:30.354 L0 Server start 
01-07-2013 15:32:39.510 L0 Server stop 
04-07-2013 15:15:59.710 L0 Server start 
04-07-2013 15:16:18.273 L0 Server stop 
04-07-2013 15:16:24.226 L0 Server start 
04-07-2013 15:22:54.351 L0 Server stop 
04-07-2013 15:29:35.210 L0 Server start 
04-07-2013 15:43:37.882 L0 Server stop 
04-07-2013 15:51:16.101 L0 Server start 
05-07-2013 08:54:37.843 L0 Server start 
05-07-2013 08:54:54.253 L0 Server stop 
05-07-2013 08:54:57.721 L0 Server start 
05-07-2013 08:55:04.956 L0 Server stop 
05-07-2013 08:55:23.253 L0 Server start 
05-07-2013 17:30:30.677 L0 Server start 
08-07-2013 09:26:37.423 L0 UID = 1 Logged in 

User Information: 
1=C:\INPI\e-Deposito\brf105\config\brf105.conf
IP Address: 172.18.14.56
Windows domain: INPI\cjunior
 
08-07-2013 09:26:38.172 L1 UID: 1 User login - Administrator, user name - Administrator . 
08-07-2013 09:26:38.172 L1 UID: 1 software-version: FMMNGR1000, BRF1051033, FM_FOP0205. 
08-07-2013 09:26:50.443 L0 UID = 1Logged out 
08-07-2013 10:13:45.412 L0 UID = 2 Logged in 

User Information: 
2=C:\INPI\e-Deposito\brf105\config\brf105.conf
IP Address: 172.18.14.56
Windows domain: INPI\cjunior
 
08-07-2013 10:13:45.755 L1 UID: 2 User login - Administrator, user name - Administrator . 
08-07-2013 10:13:45.755 L1 UID: 2 software-version: FMMNGR1000, BRF1051033, FM_FOP0205. 
