13-03-2013 18:18:08.429 L1 UID: 5 UID = 5 Logged in 

User Information: 
5=C:\INPI\e-Deposito\brf101\config\brf101.conf
IP Address: 172.18.14.13
Windows domain: INPI\danieljr
 
13-03-2013 18:18:08.897 L1 UID: 5 User login - Administrator, user name - Administrator . 
13-03-2013 18:18:08.897 L1 UID: 5 software-version: FMMNGR1000, BRF1011026, FM_FOP0205. 
13-03-2013 18:18:24.663 L1 UID: 5 UID = 5Logged out 
14-03-2013 13:14:48.277 L1 UID: 5 UID = 5 Logged in 

User Information: 
5=C:\INPI\e-Deposito\brf101\config\brf101.conf
IP Address: 172.18.14.57
Windows domain: INPI\mantunes
 
14-03-2013 13:14:48.699 L1 UID: 5 User login - Administrator, user name - Administrator . 
14-03-2013 13:14:48.699 L1 UID: 5 software-version: FMMNGR1000, BRF1011026, FM_FOP0205. 
14-03-2013 13:15:17.746 L1 UID: 5 UID = 5Logged out 
14-03-2013 15:34:34.219 L1 UID: 5 UID = 5 Logged in 

User Information: 
5=C:\INPI\e-Deposito\brf101\config\brf101.conf
IP Address: 172.18.14.57
Windows domain: INPI\mantunes
 
14-03-2013 15:34:34.719 L1 UID: 5 User login - Administrator, user name - Administrator . 
14-03-2013 15:34:34.719 L1 UID: 5 software-version: FMMNGR1000, BRF1011026, FM_FOP0205. 
14-03-2013 15:37:36.829 L1 UID: 5 UID = 5Logged out 
14-03-2013 17:50:24.865 L1 UID: 5 UID = 5 Logged in 

User Information: 
5=C:\INPI\e-Deposito\brf101\config\brf101.conf
IP Address: 172.18.14.57
Windows domain: INPI\mantunes
 
14-03-2013 17:50:25.350 L1 UID: 5 User login - Administrator, user name - Administrator . 
14-03-2013 17:50:25.350 L1 UID: 5 software-version: FMMNGR1000, BRF1011026, FM_FOP0205. 
14-03-2013 17:51:43.693 L1 UID: 5 UID = 5Logged out 
15-03-2013 09:05:57.431 L1 UID: 5 UID = 5 Logged in 

User Information: 
5=C:\INPI\e-Deposito\brf101\config\brf101.conf
IP Address: 10.0.2.15
Windows domain: CESARSOU-D96164\cesarsousa
 
15-03-2013 09:05:57.691 L1 UID: 5 User login - Administrator, user name - Administrator . 
15-03-2013 09:05:57.691 L1 UID: 5 software-version: FMMNGR1000, BRF1011026, FM_FOP0205. 
15-03-2013 09:07:01.533 L1 UID: 5 UID = 5Logged out 
