13-03-2013 17:21:39.635 L1 UID: 3 UID = 3 Logged in 

User Information: 
3=C:\INPI\e-Deposito\brf101\config\brf101.conf
IP Address: 172.18.14.3
Windows domain: INPI\jnsouza
 
13-03-2013 17:21:39.947 L1 UID: 3 User login - Administrator, user name - Administrator . 
13-03-2013 17:21:39.947 L1 UID: 3 software-version: FMMNGR1000, BRF1011026, FM_FOP0205. 
13-03-2013 17:23:37.024 L1 UID: 3 Could not found Cache variable "SaveFormAsTemplate" 
13-03-2013 17:23:39.352 L1 UID: 3 Could not found Cache variable "SaveFormAsTemplate" 
13-03-2013 17:23:46.633 L1 UID: 3 UID = 3Logged out 
14-03-2013 10:46:52.468 L1 UID: 3 UID = 3 Logged in 

User Information: 
3=C:\INPI\e-Deposito\brf101\config\brf101.conf
IP Address: 172.18.14.57
Windows domain: INPI\mantunes
 
14-03-2013 10:46:52.781 L1 UID: 3 User login - Administrator, user name - Administrator . 
14-03-2013 10:46:52.781 L1 UID: 3 software-version: FMMNGR1000, BRF1011026, FM_FOP0205. 
14-03-2013 10:46:58.921 L1 UID: 3 Can not found file - Templates , type - Image 
14-03-2013 10:52:39.556 L1 UID: 3 UID = 3Logged out 
14-03-2013 12:59:30.153 L1 UID: 3 UID = 3 Logged in 

User Information: 
3=C:\INPI\e-Deposito\brf101\config\brf101.conf
IP Address: 172.18.14.3
Windows domain: INPI\jnsouza
 
14-03-2013 12:59:30.465 L1 UID: 3 User login - Administrator, user name - Administrator . 
14-03-2013 12:59:30.465 L1 UID: 3 software-version: FMMNGR1000, BRF1011026, FM_FOP0205. 
14-03-2013 13:15:48.605 L1 UID: 3 UID = 3Logged out 
14-03-2013 14:49:03.355 L1 UID: 3 UID = 3 Logged in 

User Information: 
3=C:\INPI\e-Deposito\brf101\config\brf101.conf
IP Address: 172.18.14.57
Windows domain: INPI\mantunes
 
14-03-2013 14:49:03.808 L1 UID: 3 User login - Administrator, user name - Administrator . 
14-03-2013 14:49:03.808 L1 UID: 3 software-version: FMMNGR1000, BRF1011026, FM_FOP0205. 
14-03-2013 14:50:22.058 L1 UID: 3 Could not found Cache variable "SaveFormAsTemplate" 
14-03-2013 14:50:26.527 L1 UID: 3 UID = 3Logged out 
14-03-2013 15:29:40.876 L1 UID: 3 UID = 3 Logged in 

User Information: 
3=C:\INPI\e-Deposito\brf101\config\brf101.conf
IP Address: 172.18.14.57
Windows domain: INPI\mantunes
 
14-03-2013 15:29:41.251 L1 UID: 3 User login - Administrator, user name - Administrator . 
14-03-2013 15:29:41.251 L1 UID: 3 software-version: FMMNGR1000, BRF1011026, FM_FOP0205. 
14-03-2013 15:32:47.141 L1 UID: 3 UID = 3Logged out 
14-03-2013 17:39:26.649 L1 UID: 3 UID = 3 Logged in 

User Information: 
3=C:\INPI\e-Deposito\brf101\config\brf101.conf
IP Address: 172.18.14.57
Windows domain: INPI\mantunes
 
14-03-2013 17:39:27.055 L1 UID: 3 User login - Administrator, user name - Administrator . 
14-03-2013 17:39:27.055 L1 UID: 3 software-version: FMMNGR1000, BRF1011026, FM_FOP0205. 
14-03-2013 17:42:15.351 L1 UID: 3 UID = 3Logged out 
14-03-2013 18:15:34.553 L1 UID: 3 UID = 3 Logged in 

User Information: 
3=C:\INPI\e-Deposito\brf101\config\brf101.conf
IP Address: 172.18.14.57
Windows domain: INPI\mantunes
 
14-03-2013 18:15:35.115 L1 UID: 3 User login - Administrator, user name - Administrator . 
14-03-2013 18:15:35.115 L1 UID: 3 software-version: FMMNGR1000, BRF1011026, FM_FOP0205. 
14-03-2013 18:18:21.022 L1 UID: 3 UID = 3Logged out 
15-03-2013 08:47:20.575 L1 UID: 3 UID = 3 Logged in 

User Information: 
3=C:\INPI\e-Deposito\brf101\config\brf101.conf
IP Address: 10.0.2.15
Windows domain: CESARSOU-D96164\cesarsousa
 
15-03-2013 08:47:20.845 L1 UID: 3 User login - Administrator, user name - Administrator . 
15-03-2013 08:47:20.845 L1 UID: 3 software-version: FMMNGR1000, BRF1011026, FM_FOP0205. 
15-03-2013 09:00:21.147 L1 UID: 3 UID = 3Logged out 
19-03-2013 10:18:02.933 L1 UID: 3 UID = 3 Logged in 

User Information: 
3=C:\INPI\e-Deposito\brf101\config\brf101.conf
IP Address: 10.0.2.15
Windows domain: CESARSOU-D96164\cesarsousa
 
19-03-2013 10:18:03.129 L1 UID: 3 User login - Administrator, user name - Administrator . 
19-03-2013 10:18:03.129 L1 UID: 3 software-version: FMMNGR1000, BRF1011026, FM_FOP0205. 
19-03-2013 10:19:37.035 L1 UID: 3 UID = 3Logged out 
04-06-2013 10:32:53.928 L1 UID: 3 UID = 3 Logged in 

User Information: 
3=C:\INPI\e-Deposito\brf101\config\brf101.conf
IP Address: 10.0.2.15
Windows domain: CESAR-B7C3D1FD3\cesar sousa
 
04-06-2013 10:32:54.178 L1 UID: 3 User login - Administrator, user name - Administrator . 
04-06-2013 10:32:54.188 L1 UID: 3 software-version: FMMNGR1000, BRF1011026, FM_FOP0205. 
04-06-2013 10:33:03.271 L1 UID: 3 UID = 3Logged out 
10-06-2013 15:21:46.081 L1 UID: 3 UID = 3 Logged in 

User Information: 
3=C:\INPI\e-Deposito\brf101\config\brf101.conf
IP Address: 172.18.14.56
Windows domain: INPI\cjunior
 
10-06-2013 15:21:46.455 L1 UID: 3 User login - Administrator, user name - Administrator . 
10-06-2013 15:21:46.455 L1 UID: 3 software-version: FMMNGR1000, BRF1011026, FM_FOP0205. 
10-06-2013 15:44:53.224 L1 UID: 3 UID = 3Logged out 
08-07-2013 10:51:35.671 L1 UID: 3 UID = 3 Logged in 

User Information: 
3=C:\INPI\e-Deposito\brf101\config\brf101.conf
IP Address: 172.18.14.56
Windows domain: INPI\cjunior
 
08-07-2013 10:51:36.045 L1 UID: 3 User login - Administrator, user name - Administrator . 
08-07-2013 10:51:36.045 L1 UID: 3 software-version: FMMNGR1000, BRF1011026, FM_FOP0205. 
