01-07-2013 15:21:59.354 L0 Server start 
01-07-2013 15:22:12.135 L0 Server stop 
01-07-2013 15:23:55.635 L0 Server start 
01-07-2013 15:24:19.729 L0 Server stop 
01-07-2013 15:25:06.057 L0 Server start 
01-07-2013 15:32:14.776 L0 Server stop 
01-07-2013 15:32:17.979 L0 Server start 
01-07-2013 15:32:27.291 L0 Server stop 
01-07-2013 15:32:30.526 L0 Server start 
01-07-2013 15:32:39.541 L0 Server stop 
04-07-2013 15:15:59.616 L0 Server start 
04-07-2013 15:16:18.288 L0 Server stop 
04-07-2013 15:16:24.304 L0 Server start 
04-07-2013 15:22:54.366 L0 Server stop 
04-07-2013 15:29:35.210 L0 Server start 
04-07-2013 15:43:37.929 L0 Server stop 
04-07-2013 15:51:16.288 L0 Server start 
05-07-2013 08:54:38.781 L0 Server start 
05-07-2013 08:54:54.253 L0 Server stop 
05-07-2013 08:54:57.706 L0 Server start 
05-07-2013 08:55:05.003 L0 Server stop 
05-07-2013 08:55:23.346 L0 Server start 
05-07-2013 17:30:30.724 L0 Server start 
08-07-2013 09:27:52.263 L0 UID = 1 Logged in 

User Information: 
1=C:\INPI\e-Deposito\brf108\config\brf108.conf
IP Address: 172.18.14.56
Windows domain: INPI\cjunior
 
08-07-2013 09:27:53.122 L1 UID: 1 User login - Administrator, user name - Administrator . 
08-07-2013 09:27:53.122 L1 UID: 1 software-version: FMMNGR1000, BRF1081033, FM_FOP0205. 
08-07-2013 09:28:14.478 L0 UID = 1Logged out 
08-07-2013 10:14:20.799 L0 UID = 2 Logged in 

User Information: 
2=C:\INPI\e-Deposito\brf108\config\brf108.conf
IP Address: 172.18.14.56
Windows domain: INPI\cjunior
 
08-07-2013 10:14:21.080 L1 UID: 2 User login - Administrator, user name - Administrator . 
08-07-2013 10:14:21.096 L1 UID: 2 software-version: FMMNGR1000, BRF1081033, FM_FOP0205. 
