01-07-2013 15:21:59.354 L0 Server start 
01-07-2013 15:22:12.151 L0 Server stop 
01-07-2013 15:23:55.666 L0 Server start 
01-07-2013 15:24:19.807 L0 Server stop 
01-07-2013 15:25:06.323 L0 Server start 
01-07-2013 15:32:14.870 L0 Server stop 
01-07-2013 15:32:17.901 L0 Server start 
01-07-2013 15:32:27.354 L0 Server stop 
01-07-2013 15:32:30.479 L0 Server start 
01-07-2013 15:32:39.620 L0 Server stop 
04-07-2013 15:15:59.726 L0 Server start 
04-07-2013 15:16:18.304 L0 Server stop 
04-07-2013 15:16:24.507 L0 Server start 
04-07-2013 15:22:54.491 L0 Server stop 
04-07-2013 15:29:35.273 L0 Server start 
04-07-2013 15:43:38.023 L0 Server stop 
04-07-2013 15:51:16.288 L0 Server start 
05-07-2013 08:54:41.109 L0 Server start 
05-07-2013 08:54:54.268 L0 Server stop 
05-07-2013 08:54:57.909 L0 Server start 
05-07-2013 08:55:05.034 L0 Server stop 
05-07-2013 08:55:23.331 L0 Server start 
05-07-2013 17:30:31.130 L0 Server start 
08-07-2013 09:29:08.758 L0 UID = 1 Logged in 

User Information: 
1=C:\INPI\e-Deposito\brf111\config\brf111.conf
IP Address: 172.18.14.56
Windows domain: INPI\cjunior
 
08-07-2013 09:29:09.570 L1 UID: 1 User login - Administrator, user name - Administrator . 
08-07-2013 09:29:09.586 L1 UID: 1 software-version: FMMNGR1000, BRF1111033, FM_FOP0205. 
08-07-2013 09:29:14.802 L0 UID = 1Logged out 
08-07-2013 09:30:34.787 L0 UID = 2 Logged in 

User Information: 
2=C:\INPI\e-Deposito\brf111\config\brf111.conf
IP Address: 172.18.14.56
Windows domain: INPI\cjunior
 
08-07-2013 09:30:35.083 L1 UID: 2 User login - Administrator, user name - Administrator . 
08-07-2013 09:30:35.083 L1 UID: 2 software-version: FMMNGR1000, BRF1111033, FM_FOP0205. 
08-07-2013 09:31:01.917 L0 UID = 2Logged out 
08-07-2013 10:15:44.484 L0 UID = 3 Logged in 

User Information: 
3=C:\INPI\e-Deposito\brf111\config\brf111.conf
IP Address: 172.18.14.56
Windows domain: INPI\cjunior
 
08-07-2013 10:15:44.843 L1 UID: 3 User login - Administrator, user name - Administrator . 
08-07-2013 10:15:44.859 L1 UID: 3 software-version: FMMNGR1000, BRF1111033, FM_FOP0205. 
