06-06-2013 10:02:17.366 L1 UID: 4 UID = 4 Logged in 

User Information: 
4=C:\INPI\e-Deposito\brf104\config\brf104.conf
IP Address: 10.0.2.15
Windows domain: CESAR-B7C3D1FD3\cesar sousa
 
06-06-2013 10:02:17.817 L1 UID: 4 User login - Administrator, user name - Administrator . 
06-06-2013 10:02:17.817 L1 UID: 4 software-version: FMMNGR1000, BRF1041027, FM_FOP0205. 
06-06-2013 10:32:33.658 L1 UID: 4 UID = 4Logged out 
06-06-2013 16:54:49.086 L1 UID: 4 UID = 4 Logged in 

User Information: 
4=C:\INPI\e-Deposito\brf104\config\brf104.conf
IP Address: 10.0.2.15
Windows domain: CESAR-B7C3D1FD3\cesar sousa
 
06-06-2013 16:54:49.341 L1 UID: 4 User login - Administrator, user name - Administrator . 
06-06-2013 16:54:49.341 L1 UID: 4 software-version: FMMNGR1000, BRF1041027, FM_FOP0205. 
06-06-2013 16:54:49.449 L1 UID: 4 UID = 4Logged out 
11-06-2013 08:36:45.336 L1 UID: 4 UID = 4 Logged in 

User Information: 
4=C:\INPI\e-Deposito\brf104\config\brf104.conf
IP Address: 172.18.14.56
Windows domain: INPI\cjunior
 
11-06-2013 08:36:45.679 L1 UID: 4 User login - Administrator, user name - Administrator . 
11-06-2013 08:36:45.695 L1 UID: 4 software-version: FMMNGR1000, BRF1041027, FM_FOP0205. 
11-06-2013 08:39:19.214 L1 UID: 4 UID = 4Logged out 
